<?xml version="1.0" encoding="UTF-8"?>
<!-- Generated by org.testng.reporters.JUnitReportReporter -->
<testsuite hostname="DESKTOP-3FE0KPH" failures="0" tests="3" name="com.flipkart.qa.testcases.LoginPageTest" time="22.030" errors="0" timestamp="12 Nov 2021 04:46:29 GMT" skipped="0">
  <testcase classname="com.flipkart.qa.testcases.LoginPageTest" name="LoginTest" time="8.985"/>
  <testcase classname="com.flipkart.qa.testcases.LoginPageTest" name="LoginPageTitletest" time="6.053"/>
  <testcase classname="com.flipkart.qa.testcases.LoginPageTest" name="LoginPageLogo" time="6.992"/>
</testsuite> <!-- com.flipkart.qa.testcases.LoginPageTest -->
