<?xml version="1.0" encoding="UTF-8"?>
<!-- Generated by org.testng.reporters.JUnitReportReporter -->
<testsuite hostname="DESKTOP-3FE0KPH" failures="0" tests="2" name="com.flipkart.qa.testcases.ItemPageTest" time="34.611" errors="0" timestamp="12 Nov 2021 04:46:29 GMT" skipped="0">
  <testcase classname="com.flipkart.qa.testcases.ItemPageTest" name="ItemPageTitleTest1" time="14.035"/>
  <testcase classname="com.flipkart.qa.testcases.ItemPageTest" name="ItemPage" time="20.576"/>
</testsuite> <!-- com.flipkart.qa.testcases.ItemPageTest -->
