<?xml version="1.0" encoding="UTF-8"?>
<!-- Generated by org.testng.reporters.JUnitReportReporter -->
<testsuite hostname="DESKTOP-3FE0KPH" failures="0" tests="3" name="com.flipkart.qa.testcases.HomePageTest" time="31.062" errors="0" timestamp="12 Nov 2021 04:46:29 GMT" skipped="0">
  <testcase classname="com.flipkart.qa.testcases.HomePageTest" name="homePageTitleTest" time="7.819"/>
  <testcase classname="com.flipkart.qa.testcases.HomePageTest" name="verifyUserNameTest" time="8.384"/>
  <testcase classname="com.flipkart.qa.testcases.HomePageTest" name="searchproductandSelect" time="14.859"/>
</testsuite> <!-- com.flipkart.qa.testcases.HomePageTest -->
