<?xml version="1.0" encoding="UTF-8"?>
<!-- Generated by org.testng.reporters.JUnitReportReporter -->
<testsuite hostname="DESKTOP-3FE0KPH" failures="0" tests="1" name="com.flipkart.qa.testcases.ProductDisplayPageTest" time="15.999" errors="0" timestamp="12 Nov 2021 04:46:29 GMT" skipped="0">
  <testcase classname="com.flipkart.qa.testcases.ProductDisplayPageTest" name="placeorder" time="15.999"/>
</testsuite> <!-- com.flipkart.qa.testcases.ProductDisplayPageTest -->
