<?xml version="1.0" encoding="UTF-8"?>
<!-- Generated by org.testng.reporters.JUnitReportReporter -->
<testsuite hostname="DESKTOP-3FE0KPH" failures="0" tests="3" name="com.flipkart.qa.testcases.LoginPageTest" time="36.593" errors="0" timestamp="15 Nov 2021 05:07:58 GMT" skipped="0">
  <testcase classname="com.flipkart.qa.testcases.LoginPageTest" name="LoginTest" time="10.382"/>
  <testcase classname="com.flipkart.qa.testcases.LoginPageTest" name="LoginPageTitletest" time="15.127"/>
  <testcase classname="com.flipkart.qa.testcases.LoginPageTest" name="LoginPageLogo" time="11.084"/>
</testsuite> <!-- com.flipkart.qa.testcases.LoginPageTest -->
